INFO:sim:172 - Generating IP...
Applying current project options...
Finished applying current project options.
Resolving generics for 'FIFO32X256'...
WARNING:sim - A core named 'FIFO32X256' already exists in the project. Output
   products for this core may be overwritten.
Applying external generics to 'FIFO32X256'...
Delivering associated files for 'FIFO32X256'...
Delivering EJava files for 'FIFO32X256'...
Generating implementation netlist for 'FIFO32X256'...
INFO:sim - Pre-processing HDL files for 'FIFO32X256'...
WARNING:sim - BlackBox generator run option '-ifmt' found multiple times. Only
   the first occurence is considered.
Running synthesis for 'FIFO32X256'
Running ngcbuild...
Writing VHO instantiation template for 'FIFO32X256'...
Writing VHDL behavioral simulation model for 'FIFO32X256'...
WARNING:sim - Overwriting existing file
   D:/work/KIKS/Gen5/FPGA/FPGA.srcs/sources_1/ip/fifo_generator_v9_3_0/tmp/_cg/F
   IFO32X256/doc/fifo_generator_v9_3_vinfo.html with file from view
   xilinx_documentation
Delivered 3 files into directory
D:/work/KIKS/Gen5/FPGA/FPGA.srcs/sources_1/ip/fifo_generator_v9_3_0/tmp/_cg/FIFO
32X256
Delivered 1 file into directory
D:/work/KIKS/Gen5/FPGA/FPGA.srcs/sources_1/ip/fifo_generator_v9_3_0/tmp/_cg/FIFO
32X256
Generating ASY schematic symbol...
INFO:sim:949 - Finished generation of ASY schematic symbol.
Generating metadata file...
Generating ISE project file for 'FIFO32X256'...
Generating ISE project...
XCO file found: FIFO32X256.xco
XMDF file found: FIFO32X256_xmdf.tcl
Adding
D:/work/KIKS/Gen5/FPGA/FPGA.srcs/sources_1/ip/fifo_generator_v9_3_0/tmp/_cg/FIFO
32X256.asy -view all -origin_type imported
Adding
D:/work/KIKS/Gen5/FPGA/FPGA.srcs/sources_1/ip/fifo_generator_v9_3_0/tmp/_cg/FIFO
32X256.ngc -view all -origin_type created
Checking file
"D:/work/KIKS/Gen5/FPGA/FPGA.srcs/sources_1/ip/fifo_generator_v9_3_0/tmp/_cg/FIF
O32X256.ngc" for project device match ...
File
"D:/work/KIKS/Gen5/FPGA/FPGA.srcs/sources_1/ip/fifo_generator_v9_3_0/tmp/_cg/FIF
O32X256.ngc" device information matches project device.
Adding
D:/work/KIKS/Gen5/FPGA/FPGA.srcs/sources_1/ip/fifo_generator_v9_3_0/tmp/_cg/FIFO
32X256.vhd -view all -origin_type created
INFO:HDLCompiler:1061 - Parsing VHDL file
   "D:/work/KIKS/Gen5/FPGA/FPGA.srcs/sources_1/ip/fifo_generator_v9_3_0/tmp/_cg/
   FIFO32X256.vhd" into library work
INFO:ProjectMgmt - Parsing design hierarchy completed successfully.
Adding
D:/work/KIKS/Gen5/FPGA/FPGA.srcs/sources_1/ip/fifo_generator_v9_3_0/tmp/_cg/FIFO
32X256.vho -view all -origin_type imported
INFO:TclTasksC:2116 - The automatic calculation of top has been turned-off.
   Please set the new top explicitly by running the "project set top" command.
   To re-calculate the new top automatically, set the "Auto Implementation Top"
   property to true.
Top level has been set to "/FIFO32X256"
Generating README file...
Generating FLIST file...
INFO:sim:948 - Finished FLIST file generation.
Moving files to output directory...
Finished moving files to output directory
Wrote CGP file for project 'coregen'.
